[20:08:02.266] Global cache location '/home/broccoli/.cache/typescript/4.5', safe file path '/media/broccoli/Element1/00code/nextjs/ako-portfolio/node_modules/typescript/lib/typingSafeList.json', types map path /media/broccoli/Element1/00code/nextjs/ako-portfolio/node_modules/typescript/lib/typesMap.json
[20:08:02.268] Processing cache location '/home/broccoli/.cache/typescript/4.5'
[20:08:02.268] Trying to find '/home/broccoli/.cache/typescript/4.5/package.json'...
[20:08:02.275] Loaded content of '/home/broccoli/.cache/typescript/4.5/package.json': {"private":true,"dependencies":{"types-registry":"^0.1.581"},"devDependencies":{"@types/abbrev":"^1.1.2","@types/accepts":"^1.3.5","@types/argparse":"^2.0.10","@types/aria-query":"^5.0.0","@types/array.prototype.flat":"^1.2.1","@types/array.prototype.flatmap":"^1.2.2","@types/assert":"^1.5.6","@types/async":"^3.2.12","@types/babel-plugin-macros":"^2.8.5","@types/balanced-match":"^1.0.2","@types/big.js":"^6.1.3","@types/bn.js":"^5.1.0","@types/body-parser":"^1.19.2","@types/brace-expansion":"^1.1.0","@types/braces":"^3.0.1","@types/brorand":"^1.0.30","@types/buffer-xor":"^2.0.0","@types/bytes":"^3.1.1","@types/cacheable-request":"^6.0.2","@types/call-bind":"^1.0.0","@types/camelcase-css":"^2.0.0","@types/caniuse-lite":"^1.0.1","@types/cipher-base":"^1.0.1","@types/color-convert":"^2.0.0","@types/color-name":"^1.1.1","@types/commondir":"^1.0.0","@types/concat-map":"^0.0.1","@types/configstore":"^5.0.1","@types/content-disposition":"^0.5.4","@types/content-type":"^1.1.5","@types/convert-source-map":"^1.5.2","@types/cookie":"^0.4.1","@types/cookie-signature":"^1.0.4","@types/core-js":"^2.5.5","@types/create-hash":"^1.2.2","@types/create-hmac":"^1.1.0","@types/cross-spawn":"^6.0.2","@types/cssesc":"^3.0.0","@types/damerau-levenshtein":"^1.0.0","@types/debounce":"^1.2.1","@types/debug":"^4.1.7","@types/deep-extend":"^0.4.32","@types/define-properties":"^1.1.3","@types/defined":"^1.0.0","@types/depd":"^1.1.32","@types/destroy":"^1.0.0","@types/detective":"^5.1.2","@types/didyoumean":"^1.2.0","@types/diff":"^5.0.2","@types/diffie-hellman":"^5.0.0","@types/dir-glob":"^2.0.1","@types/dlv":"^1.1.2","@types/doctrine":"^0.0.5","@types/duplexer3":"^0.1.1","@types/ee-first":"^1.1.0","@types/elliptic":"^6.4.14","@types/encodeurl":"^1.0.0","@types/end-of-stream":"^1.4.1","@types/enquire.js":"^2.1.3","@types/es-abstract":"^1.17.3","@types/es-to-primitive":"^1.2.4","@types/escape-html":"^1.0.1","@types/escodegen":"^0.0.7","@types/eslint":"^8.4.1","@types/eslint-config-prettier":"^6.11.0","@types/eslint-plugin-prettier":"^3.1.0","@types/eslint-scope":"^3.7.3","@types/eslint-utils":"^3.0.1","@types/eslint-visitor-keys":"^1.0.0","@types/esprima":"^4.0.3","@types/esquery":"^1.0.2","@types/estraverse":"^5.1.1","@types/esutils":"^2.0.0","@types/etag":"^1.8.1","@types/events":"^3.0.0","@types/express":"^4.17.13","@types/extend":"^3.0.1","@types/fast-levenshtein":"^0.0.2","@types/file-entry-cache":"^5.0.2","@types/fill-range":"^7.0.0","@types/finalhandler":"^1.1.1","@types/find-cache-dir":"^3.2.1","@types/find-root":"^1.1.2","@types/flat-cache":"^2.0.0","@types/follow-redirects":"^1.14.0","@types/foreach":"^2.0.0","@types/forwarded":"^0.1.0","@types/fresh":"^0.5.0","@types/fs-extra":"^9.0.13","@types/ftp":"^0.3.33","@types/function-bind":"^1.1.6","@types/functional-red-black-tree":"^1.0.1","@types/get-intrinsic":"^1.0.0","@types/glob":"^7.2.0","@types/glob-parent":"^5.1.1","@types/glob-to-regexp":"^0.4.1","@types/globalyzer":"^0.1.1","@types/globrex":"^0.1.1","@types/got":"^9.6.12","@types/graceful-fs":"^4.1.5","@types/has":"^1.0.0","@types/has-symbols":"^1.0.0","@types/he":"^1.1.2","@types/hoist-non-react-statics":"^3.3.1","@types/html-escaper":"^3.0.0","@types/http-cache-semantics":"^4.0.1","@types/http-errors":"^1.8.2","@types/i18next-fs-backend":"^1.1.2","@types/imurmurhash":"^0.1.1","@types/inherits":"^0.0.30","@types/ini":"^1.3.31","@types/internal-slot":"^1.0.1","@types/invariant":"^2.2.35","@types/ip":"^1.1.0","@types/is-arguments":"^1.0.0","@types/is-bigint":"^1.0.0","@types/is-boolean-object":"^1.1.0","@types/is-buffer":"^2.0.0","@types/is-callable":"^1.1.0","@types/is-ci":"^3.0.0","@types/is-core-module":"^2.2.0","@types/is-date-object":"^1.0.2","@types/is-generator-function":"^1.0.1","@types/is-glob":"^4.0.2","@types/is-number":"^7.0.2","@types/is-regex":"^1.0.0","@types/is-string":"^1.0.0","@types/is-typedarray":"^1.0.0","@types/isarray":"^2.0.0","@types/isexe":"^2.0.1","@types/jquery":"^3.5.13","@types/js-yaml":"^4.0.5","@types/jsesc":"^3.0.1","@types/json-buffer":"^3.0.0","@types/json2mq":"^0.2.0","@types/jsonfile":"^6.1.0","@types/keyv":"^3.1.3","@types/kind-of":"^6.0.0","@types/language-tags":"^1.0.0","@types/loader-utils":"^2.0.3","@types/lodash":"^4.14.178","@types/lodash.debounce":"^4.0.6","@types/lodash.merge":"^4.6.6","@types/lodash.mergewith":"^4.6.6","@types/lodash.sortby":"^4.7.6","@types/lodash.truncate":"^4.4.6","@types/lru-cache":"^5.1.1","@types/mdurl":"^1.0.2","@types/media-typer":"^1.1.1","@types/memory-pager":"^1.4.0","@types/merge-descriptors":"^1.0.1","@types/merge-stream":"^1.1.2","@types/merge2":"^1.3.1","@types/methods":"^1.1.1","@types/micromatch":"^4.0.2","@types/mime":"^2.0.3","@types/mime-db":"^1.43.1","@types/mime-types":"^2.1.1","@types/minimalistic-assert":"^1.0.1","@types/minimatch":"^3.0.5","@types/minimist":"^1.2.2","@types/module-alias":"^2.0.1","@types/mongoose-sequence":"^3.0.6","@types/ms":"^0.7.31","@types/natural-compare":"^1.4.1","@types/negotiator":"^0.6.1","@types/netmask":"^1.0.30","@types/node":"^17.0.13","@types/node-fetch":"^2.6.1","@types/nodemailer":"^6.4.4","@types/nodemon":"^1.19.1","@types/nopt":"^3.0.29","@types/normalize-path":"^3.0.0","@types/nprogress":"^0.2.0","@types/oauth":"^0.9.1","@types/object-assign":"^4.0.30","@types/object-hash":"^2.2.1","@types/object-inspect":"^1.8.1","@types/object-keys":"^1.0.1","@types/object.fromentries":"^2.0.1","@types/on-finished":"^2.3.1","@types/once":"^1.4.0","@types/pako":"^1.0.3","@types/parse-json":"^4.0.0","@types/parseurl":"^1.3.1","@types/path-browserify":"^1.0.0","@types/path-is-absolute":"^1.0.0","@types/path-parse":"^1.0.19","@types/pbkdf2":"^3.1.0","@types/picomatch":"^2.3.0","@types/platform":"^1.3.4","@types/prelude-ls":"^1.1.29","@types/prettier":"^2.4.4","@types/prettier-linter-helpers":"^1.0.1","@types/progress":"^2.0.5","@types/prop-types":"^15.7.4","@types/proxy-addr":"^2.0.0","@types/proxy-from-env":"^1.0.1","@types/pump":"^1.1.1","@types/punycode":"^2.1.0","@types/q":"^1.5.5","@types/qs":"^6.9.7","@types/randombytes":"^2.0.0","@types/range-parser":"^1.2.4","@types/rc":"^1.2.0","@types/react":"^17.0.39","@types/react-dom":"^17.0.11","@types/react-is":"^17.0.3","@types/react-slick":"^0.23.8","@types/readable-stream":"^2.3.13","@types/regenerator-runtime":"^0.13.1","@types/registry-auth-token":"^4.2.1","@types/require-directory":"^2.1.2","@types/require-from-string":"^1.2.1","@types/resolve":"^1.20.1","@types/responselike":"^1.0.0","@types/rimraf":"^3.0.2","@types/ripemd160":"^2.0.0","@types/run-parallel":"^1.1.0","@types/safe-compare":"^1.1.0","@types/safer-buffer":"^2.1.0","@types/saslprep":"^1.0.1","@types/scheduler":"^0.16.2","@types/semver":"^7.3.9","@types/send":"^0.17.1","@types/serve-static":"^1.13.10","@types/setimmediate":"^1.0.2","@types/sha.js":"^2.4.0","@types/shebang-command":"^1.2.0","@types/shell-quote":"^1.7.1","@types/signal-exit":"^3.0.1","@types/slice-ansi":"^5.0.0","@types/slick-carousel":"^1.6.37","@types/sparse-bitfield":"^3.0.1","@types/sprintf":"^0.1.0","@types/sprintf-js":"^1.1.2","@types/statuses":"^2.0.0","@types/string-hash":"^1.1.1","@types/string.prototype.matchall":"^4.0.1","@types/stylis":"^4.0.2","@types/supports-color":"^8.1.1","@types/tailwindcss":"^3.0.9","@types/text-table":"^0.2.2","@types/tmp":"^0.2.3","@types/to-regex-range":"^5.0.0","@types/touch":"^3.1.2","@types/type-check":"^0.3.27","@types/type-is":"^1.6.3","@types/universalify":"^1.0.0","@types/update-notifier":"^5.1.0","@types/url-parse-lax":"^5.0.0","@types/use-subscription":"^1.0.0","@types/util-deprecate":"^1.0.0","@types/utils-merge":"^0.0.28","@types/uuid":"^8.3.4","@types/validator":"^13.7.1","@types/vary":"^1.1.0","@types/void-elements":"^3.1.0","@types/warning":"^3.0.0","@types/watchpack":"^1.1.7","@types/webidl-conversions":"^6.1.1","@types/whatwg-url":"^8.2.1","@types/which":"^2.0.1","@types/wrap-ansi":"^8.0.1","@types/write-file-atomic":"^4.0.0","@types/xtend":"^4.0.4","@types/yallist":"^4.0.1","@types/yargs":"^17.0.8","@types/yargs-parser":"^20.2.1"}}
[20:08:02.280] Loaded content of '/home/broccoli/.cache/typescript/4.5/package-lock.json'
[20:08:02.296] Adding entry into typings cache: 'abbrev' => '/home/broccoli/.cache/typescript/4.5/node_modules/@types/abbrev/index.d.ts'
[20:08:02.311] Adding entry into typings cache: 'accepts' => '/home/broccoli/.cache/typescript/4.5/node_modules/@types/accepts/index.d.ts'
[20:08:02.314] Adding entry into typings cache: 'argparse' => '/home/broccoli/.cache/typescript/4.5/node_modules/@types/argparse/index.d.ts'
[20:08:02.323] Adding entry into typings cache: 'aria-query' => '/home/broccoli/.cache/typescript/4.5/node_modules/@types/aria-query/index.d.ts'
[20:08:02.336] Adding entry into typings cache: 'array.prototype.flat' => '/home/broccoli/.cache/typescript/4.5/node_modules/@types/array.prototype.flat/index.d.ts'
[20:08:02.339] Adding entry into typings cache: 'array.prototype.flatmap' => '/home/broccoli/.cache/typescript/4.5/node_modules/@types/array.prototype.flatmap/index.d.ts'
[20:08:02.357] Adding entry into typings cache: 'assert' => '/home/broccoli/.cache/typescript/4.5/node_modules/@types/assert/index.d.ts'
[20:08:02.361] Adding entry into typings cache: 'async' => '/home/broccoli/.cache/typescript/4.5/node_modules/@types/async/index.d.ts'
[20:08:02.364] Adding entry into typings cache: 'babel-plugin-macros' => '/home/broccoli/.cache/typescript/4.5/node_modules/@types/babel-plugin-macros/index.d.ts'
[20:08:02.374] Adding entry into typings cache: 'balanced-match' => '/home/broccoli/.cache/typescript/4.5/node_modules/@types/balanced-match/index.d.ts'
[20:08:02.377] Adding entry into typings cache: 'big.js' => '/home/broccoli/.cache/typescript/4.5/node_modules/@types/big.js/index.d.ts'
[20:08:02.379] Adding entry into typings cache: 'bn.js' => '/home/broccoli/.cache/typescript/4.5/node_modules/@types/bn.js/index.d.ts'
[20:08:02.381] Adding entry into typings cache: 'body-parser' => '/home/broccoli/.cache/typescript/4.5/node_modules/@types/body-parser/index.d.ts'
[20:08:02.383] Adding entry into typings cache: 'brace-expansion' => '/home/broccoli/.cache/typescript/4.5/node_modules/@types/brace-expansion/index.d.ts'
[20:08:02.388] Adding entry into typings cache: 'braces' => '/home/broccoli/.cache/typescript/4.5/node_modules/@types/braces/index.d.ts'
[20:08:02.390] Adding entry into typings cache: 'brorand' => '/home/broccoli/.cache/typescript/4.5/node_modules/@types/brorand/index.d.ts'
[20:08:02.392] Adding entry into typings cache: 'buffer-xor' => '/home/broccoli/.cache/typescript/4.5/node_modules/@types/buffer-xor/index.d.ts'
[20:08:02.402] Adding entry into typings cache: 'bytes' => '/home/broccoli/.cache/typescript/4.5/node_modules/@types/bytes/index.d.ts'
[20:08:02.409] Adding entry into typings cache: 'cacheable-request' => '/home/broccoli/.cache/typescript/4.5/node_modules/@types/cacheable-request/index.d.ts'
[20:08:02.411] Adding entry into typings cache: 'call-bind' => '/home/broccoli/.cache/typescript/4.5/node_modules/@types/call-bind/index.d.ts'
[20:08:02.414] Adding entry into typings cache: 'camelcase-css' => '/home/broccoli/.cache/typescript/4.5/node_modules/@types/camelcase-css/index.d.ts'
[20:08:02.415] Adding entry into typings cache: 'caniuse-lite' => '/home/broccoli/.cache/typescript/4.5/node_modules/@types/caniuse-lite/index.d.ts'
[20:08:02.416] Adding entry into typings cache: 'cipher-base' => '/home/broccoli/.cache/typescript/4.5/node_modules/@types/cipher-base/index.d.ts'
[20:08:02.423] Adding entry into typings cache: 'color-convert' => '/home/broccoli/.cache/typescript/4.5/node_modules/@types/color-convert/index.d.ts'
[20:08:02.426] Adding entry into typings cache: 'color-name' => '/home/broccoli/.cache/typescript/4.5/node_modules/@types/color-name/index.d.ts'
[20:08:02.427] Adding entry into typings cache: 'commondir' => '/home/broccoli/.cache/typescript/4.5/node_modules/@types/commondir/index.d.ts'
[20:08:02.428] Adding entry into typings cache: 'concat-map' => '/home/broccoli/.cache/typescript/4.5/node_modules/@types/concat-map/index.d.ts'
[20:08:02.429] Adding entry into typings cache: 'configstore' => '/home/broccoli/.cache/typescript/4.5/node_modules/@types/configstore/index.d.ts'
[20:08:02.431] Adding entry into typings cache: 'content-disposition' => '/home/broccoli/.cache/typescript/4.5/node_modules/@types/content-disposition/index.d.ts'
[20:08:02.432] Adding entry into typings cache: 'content-type' => '/home/broccoli/.cache/typescript/4.5/node_modules/@types/content-type/index.d.ts'
[20:08:02.445] Adding entry into typings cache: 'convert-source-map' => '/home/broccoli/.cache/typescript/4.5/node_modules/@types/convert-source-map/index.d.ts'
[20:08:02.446] Adding entry into typings cache: 'cookie' => '/home/broccoli/.cache/typescript/4.5/node_modules/@types/cookie/index.d.ts'
[20:08:02.448] Adding entry into typings cache: 'cookie-signature' => '/home/broccoli/.cache/typescript/4.5/node_modules/@types/cookie-signature/index.d.ts'
[20:08:02.453] Adding entry into typings cache: 'core-js' => '/home/broccoli/.cache/typescript/4.5/node_modules/@types/core-js/index.d.ts'
[20:08:02.462] Adding entry into typings cache: 'create-hash' => '/home/broccoli/.cache/typescript/4.5/node_modules/@types/create-hash/index.d.ts'
[20:08:02.464] Adding entry into typings cache: 'create-hmac' => '/home/broccoli/.cache/typescript/4.5/node_modules/@types/create-hmac/index.d.ts'
[20:08:02.466] Adding entry into typings cache: 'cross-spawn' => '/home/broccoli/.cache/typescript/4.5/node_modules/@types/cross-spawn/index.d.ts'
[20:08:02.468] Adding entry into typings cache: 'cssesc' => '/home/broccoli/.cache/typescript/4.5/node_modules/@types/cssesc/index.d.ts'
[20:08:02.469] Adding entry into typings cache: 'damerau-levenshtein' => '/home/broccoli/.cache/typescript/4.5/node_modules/@types/damerau-levenshtein/index.d.ts'
[20:08:02.471] Adding entry into typings cache: 'debounce' => '/home/broccoli/.cache/typescript/4.5/node_modules/@types/debounce/index.d.ts'
[20:08:02.484] Adding entry into typings cache: 'debug' => '/home/broccoli/.cache/typescript/4.5/node_modules/@types/debug/index.d.ts'
[20:08:02.485] Adding entry into typings cache: 'deep-extend' => '/home/broccoli/.cache/typescript/4.5/node_modules/@types/deep-extend/index.d.ts'
[20:08:02.486] Adding entry into typings cache: 'define-properties' => '/home/broccoli/.cache/typescript/4.5/node_modules/@types/define-properties/index.d.ts'
[20:08:02.487] Adding entry into typings cache: 'defined' => '/home/broccoli/.cache/typescript/4.5/node_modules/@types/defined/index.d.ts'
[20:08:02.504] Adding entry into typings cache: 'depd' => '/home/broccoli/.cache/typescript/4.5/node_modules/@types/depd/index.d.ts'
[20:08:02.521] Adding entry into typings cache: 'destroy' => '/home/broccoli/.cache/typescript/4.5/node_modules/@types/destroy/index.d.ts'
[20:08:02.522] Adding entry into typings cache: 'detective' => '/home/broccoli/.cache/typescript/4.5/node_modules/@types/detective/index.d.ts'
[20:08:02.527] Adding entry into typings cache: 'didyoumean' => '/home/broccoli/.cache/typescript/4.5/node_modules/@types/didyoumean/index.d.ts'
[20:08:02.545] Adding entry into typings cache: 'diff' => '/home/broccoli/.cache/typescript/4.5/node_modules/@types/diff/index.d.ts'
[20:08:02.547] Adding entry into typings cache: 'diffie-hellman' => '/home/broccoli/.cache/typescript/4.5/node_modules/@types/diffie-hellman/index.d.ts'
[20:08:02.567] Adding entry into typings cache: 'dir-glob' => '/home/broccoli/.cache/typescript/4.5/node_modules/@types/dir-glob/index.d.ts'
[20:08:02.569] Adding entry into typings cache: 'dlv' => '/home/broccoli/.cache/typescript/4.5/node_modules/@types/dlv/index.d.ts'
[20:08:02.587] Adding entry into typings cache: 'doctrine' => '/home/broccoli/.cache/typescript/4.5/node_modules/@types/doctrine/index.d.ts'
[20:08:02.589] Adding entry into typings cache: 'duplexer3' => '/home/broccoli/.cache/typescript/4.5/node_modules/@types/duplexer3/index.d.ts'
[20:08:02.608] Adding entry into typings cache: 'ee-first' => '/home/broccoli/.cache/typescript/4.5/node_modules/@types/ee-first/index.d.ts'
[20:08:02.611] Adding entry into typings cache: 'elliptic' => '/home/broccoli/.cache/typescript/4.5/node_modules/@types/elliptic/index.d.ts'
[20:08:02.613] Adding entry into typings cache: 'encodeurl' => '/home/broccoli/.cache/typescript/4.5/node_modules/@types/encodeurl/index.d.ts'
[20:08:02.617] Adding entry into typings cache: 'end-of-stream' => '/home/broccoli/.cache/typescript/4.5/node_modules/@types/end-of-stream/index.d.ts'
[20:08:02.620] Adding entry into typings cache: 'enquire.js' => '/home/broccoli/.cache/typescript/4.5/node_modules/@types/enquire.js/index.d.ts'
[20:08:02.632] Adding entry into typings cache: 'es-abstract' => '/home/broccoli/.cache/typescript/4.5/node_modules/@types/es-abstract/index.d.ts'
[20:08:02.634] Adding entry into typings cache: 'es-to-primitive' => '/home/broccoli/.cache/typescript/4.5/node_modules/@types/es-to-primitive/index.d.ts'
[20:08:02.637] Adding entry into typings cache: 'escape-html' => '/home/broccoli/.cache/typescript/4.5/node_modules/@types/escape-html/index.d.ts'
[20:08:02.640] Adding entry into typings cache: 'escodegen' => '/home/broccoli/.cache/typescript/4.5/node_modules/@types/escodegen/index.d.ts'
[20:08:02.644] Adding entry into typings cache: 'eslint' => '/home/broccoli/.cache/typescript/4.5/node_modules/@types/eslint/index.d.ts'
[20:08:02.647] Adding entry into typings cache: 'eslint-config-prettier' => '/home/broccoli/.cache/typescript/4.5/node_modules/@types/eslint-config-prettier/index.d.ts'
[20:08:02.649] Adding entry into typings cache: 'eslint-plugin-prettier' => '/home/broccoli/.cache/typescript/4.5/node_modules/@types/eslint-plugin-prettier/index.d.ts'
[20:08:02.652] Adding entry into typings cache: 'eslint-scope' => '/home/broccoli/.cache/typescript/4.5/node_modules/@types/eslint-scope/index.d.ts'
[20:08:02.655] Adding entry into typings cache: 'eslint-utils' => '/home/broccoli/.cache/typescript/4.5/node_modules/@types/eslint-utils/index.d.ts'
[20:08:02.657] Adding entry into typings cache: 'eslint-visitor-keys' => '/home/broccoli/.cache/typescript/4.5/node_modules/@types/eslint-visitor-keys/index.d.ts'
[20:08:02.659] Adding entry into typings cache: 'esprima' => '/home/broccoli/.cache/typescript/4.5/node_modules/@types/esprima/index.d.ts'
[20:08:02.662] Adding entry into typings cache: 'esquery' => '/home/broccoli/.cache/typescript/4.5/node_modules/@types/esquery/index.d.ts'
[20:08:02.681] Adding entry into typings cache: 'estraverse' => '/home/broccoli/.cache/typescript/4.5/node_modules/@types/estraverse/index.d.ts'
[20:08:02.688] Adding entry into typings cache: 'esutils' => '/home/broccoli/.cache/typescript/4.5/node_modules/@types/esutils/index.d.ts'
[20:08:02.699] Adding entry into typings cache: 'etag' => '/home/broccoli/.cache/typescript/4.5/node_modules/@types/etag/index.d.ts'
[20:08:02.709] Adding entry into typings cache: 'events' => '/home/broccoli/.cache/typescript/4.5/node_modules/@types/events/index.d.ts'
[20:08:02.713] Adding entry into typings cache: 'express' => '/home/broccoli/.cache/typescript/4.5/node_modules/@types/express/index.d.ts'
[20:08:02.716] Adding entry into typings cache: 'extend' => '/home/broccoli/.cache/typescript/4.5/node_modules/@types/extend/index.d.ts'
[20:08:02.720] Adding entry into typings cache: 'fast-levenshtein' => '/home/broccoli/.cache/typescript/4.5/node_modules/@types/fast-levenshtein/index.d.ts'
[20:08:02.726] Adding entry into typings cache: 'file-entry-cache' => '/home/broccoli/.cache/typescript/4.5/node_modules/@types/file-entry-cache/index.d.ts'
[20:08:02.732] Adding entry into typings cache: 'fill-range' => '/home/broccoli/.cache/typescript/4.5/node_modules/@types/fill-range/index.d.ts'
[20:08:02.734] Adding entry into typings cache: 'finalhandler' => '/home/broccoli/.cache/typescript/4.5/node_modules/@types/finalhandler/index.d.ts'
[20:08:02.735] Adding entry into typings cache: 'find-cache-dir' => '/home/broccoli/.cache/typescript/4.5/node_modules/@types/find-cache-dir/index.d.ts'
[20:08:02.736] Adding entry into typings cache: 'find-root' => '/home/broccoli/.cache/typescript/4.5/node_modules/@types/find-root/index.d.ts'
[20:08:02.737] Adding entry into typings cache: 'flat-cache' => '/home/broccoli/.cache/typescript/4.5/node_modules/@types/flat-cache/index.d.ts'
[20:08:02.738] Adding entry into typings cache: 'follow-redirects' => '/home/broccoli/.cache/typescript/4.5/node_modules/@types/follow-redirects/index.d.ts'
[20:08:02.748] Adding entry into typings cache: 'foreach' => '/home/broccoli/.cache/typescript/4.5/node_modules/@types/foreach/index.d.ts'
[20:08:02.764] Adding entry into typings cache: 'forwarded' => '/home/broccoli/.cache/typescript/4.5/node_modules/@types/forwarded/index.d.ts'
[20:08:02.769] Adding entry into typings cache: 'fresh' => '/home/broccoli/.cache/typescript/4.5/node_modules/@types/fresh/index.d.ts'
[20:08:02.788] Adding entry into typings cache: 'fs-extra' => '/home/broccoli/.cache/typescript/4.5/node_modules/@types/fs-extra/index.d.ts'
[20:08:02.790] Adding entry into typings cache: 'ftp' => '/home/broccoli/.cache/typescript/4.5/node_modules/@types/ftp/index.d.ts'
[20:08:02.792] Adding entry into typings cache: 'function-bind' => '/home/broccoli/.cache/typescript/4.5/node_modules/@types/function-bind/index.d.ts'
[20:08:02.800] Adding entry into typings cache: 'functional-red-black-tree' => '/home/broccoli/.cache/typescript/4.5/node_modules/@types/functional-red-black-tree/index.d.ts'
[20:08:02.802] Adding entry into typings cache: 'get-intrinsic' => '/home/broccoli/.cache/typescript/4.5/node_modules/@types/get-intrinsic/index.d.ts'
[20:08:02.804] Adding entry into typings cache: 'glob' => '/home/broccoli/.cache/typescript/4.5/node_modules/@types/glob/index.d.ts'
[20:08:02.806] Adding entry into typings cache: 'glob-parent' => '/home/broccoli/.cache/typescript/4.5/node_modules/@types/glob-parent/index.d.ts'
[20:08:02.817] Adding entry into typings cache: 'glob-to-regexp' => '/home/broccoli/.cache/typescript/4.5/node_modules/@types/glob-to-regexp/index.d.ts'
[20:08:02.819] Adding entry into typings cache: 'globalyzer' => '/home/broccoli/.cache/typescript/4.5/node_modules/@types/globalyzer/index.d.ts'
[20:08:02.832] Adding entry into typings cache: 'globrex' => '/home/broccoli/.cache/typescript/4.5/node_modules/@types/globrex/index.d.ts'
[20:08:02.837] Adding entry into typings cache: 'got' => '/home/broccoli/.cache/typescript/4.5/node_modules/@types/got/index.d.ts'
[20:08:02.841] Adding entry into typings cache: 'graceful-fs' => '/home/broccoli/.cache/typescript/4.5/node_modules/@types/graceful-fs/index.d.ts'
[20:08:02.844] Adding entry into typings cache: 'has' => '/home/broccoli/.cache/typescript/4.5/node_modules/@types/has/index.d.ts'
[20:08:02.852] Adding entry into typings cache: 'has-symbols' => '/home/broccoli/.cache/typescript/4.5/node_modules/@types/has-symbols/index.d.ts'
[20:08:02.853] Adding entry into typings cache: 'he' => '/home/broccoli/.cache/typescript/4.5/node_modules/@types/he/index.d.ts'
[20:08:02.858] Adding entry into typings cache: 'hoist-non-react-statics' => '/home/broccoli/.cache/typescript/4.5/node_modules/@types/hoist-non-react-statics/index.d.ts'
[20:08:02.860] Adding entry into typings cache: 'html-escaper' => '/home/broccoli/.cache/typescript/4.5/node_modules/@types/html-escaper/index.d.ts'
[20:08:02.863] Adding entry into typings cache: 'http-cache-semantics' => '/home/broccoli/.cache/typescript/4.5/node_modules/@types/http-cache-semantics/index.d.ts'
[20:08:02.865] Adding entry into typings cache: 'http-errors' => '/home/broccoli/.cache/typescript/4.5/node_modules/@types/http-errors/index.d.ts'
[20:08:02.867] Adding entry into typings cache: 'i18next-fs-backend' => '/home/broccoli/.cache/typescript/4.5/node_modules/@types/i18next-fs-backend/index.d.ts'
[20:08:02.868] Adding entry into typings cache: 'imurmurhash' => '/home/broccoli/.cache/typescript/4.5/node_modules/@types/imurmurhash/index.d.ts'
[20:08:02.870] Adding entry into typings cache: 'inherits' => '/home/broccoli/.cache/typescript/4.5/node_modules/@types/inherits/index.d.ts'
[20:08:02.871] Adding entry into typings cache: 'ini' => '/home/broccoli/.cache/typescript/4.5/node_modules/@types/ini/index.d.ts'
[20:08:02.872] Adding entry into typings cache: 'internal-slot' => '/home/broccoli/.cache/typescript/4.5/node_modules/@types/internal-slot/index.d.ts'
[20:08:02.873] Adding entry into typings cache: 'invariant' => '/home/broccoli/.cache/typescript/4.5/node_modules/@types/invariant/index.d.ts'
[20:08:02.875] Adding entry into typings cache: 'ip' => '/home/broccoli/.cache/typescript/4.5/node_modules/@types/ip/index.d.ts'
[20:08:02.890] Adding entry into typings cache: 'is-arguments' => '/home/broccoli/.cache/typescript/4.5/node_modules/@types/is-arguments/index.d.ts'
[20:08:02.891] Adding entry into typings cache: 'is-bigint' => '/home/broccoli/.cache/typescript/4.5/node_modules/@types/is-bigint/index.d.ts'
[20:08:02.892] Adding entry into typings cache: 'is-boolean-object' => '/home/broccoli/.cache/typescript/4.5/node_modules/@types/is-boolean-object/index.d.ts'
[20:08:02.896] Adding entry into typings cache: 'is-buffer' => '/home/broccoli/.cache/typescript/4.5/node_modules/@types/is-buffer/index.d.ts'
[20:08:02.898] Adding entry into typings cache: 'is-callable' => '/home/broccoli/.cache/typescript/4.5/node_modules/@types/is-callable/index.d.ts'
[20:08:02.912] Adding entry into typings cache: 'is-ci' => '/home/broccoli/.cache/typescript/4.5/node_modules/@types/is-ci/index.d.ts'
[20:08:02.916] Adding entry into typings cache: 'is-core-module' => '/home/broccoli/.cache/typescript/4.5/node_modules/@types/is-core-module/index.d.ts'
[20:08:02.922] Adding entry into typings cache: 'is-date-object' => '/home/broccoli/.cache/typescript/4.5/node_modules/@types/is-date-object/index.d.ts'
[20:08:02.925] Adding entry into typings cache: 'is-generator-function' => '/home/broccoli/.cache/typescript/4.5/node_modules/@types/is-generator-function/index.d.ts'
[20:08:02.933] Adding entry into typings cache: 'is-glob' => '/home/broccoli/.cache/typescript/4.5/node_modules/@types/is-glob/index.d.ts'
[20:08:02.938] Adding entry into typings cache: 'is-number' => '/home/broccoli/.cache/typescript/4.5/node_modules/@types/is-number/index.d.ts'
[20:08:02.947] Adding entry into typings cache: 'is-regex' => '/home/broccoli/.cache/typescript/4.5/node_modules/@types/is-regex/index.d.ts'
[20:08:02.949] Adding entry into typings cache: 'is-string' => '/home/broccoli/.cache/typescript/4.5/node_modules/@types/is-string/index.d.ts'
[20:08:02.969] Adding entry into typings cache: 'is-typedarray' => '/home/broccoli/.cache/typescript/4.5/node_modules/@types/is-typedarray/index.d.ts'
[20:08:02.988] Adding entry into typings cache: 'isarray' => '/home/broccoli/.cache/typescript/4.5/node_modules/@types/isarray/index.d.ts'
[20:08:02.990] Adding entry into typings cache: 'isexe' => '/home/broccoli/.cache/typescript/4.5/node_modules/@types/isexe/index.d.ts'
[20:08:02.995] Adding entry into typings cache: 'jquery' => '/home/broccoli/.cache/typescript/4.5/node_modules/@types/jquery/index.d.ts'
[20:08:03.007] Adding entry into typings cache: 'js-yaml' => '/home/broccoli/.cache/typescript/4.5/node_modules/@types/js-yaml/index.d.ts'
[20:08:03.025] Adding entry into typings cache: 'jsesc' => '/home/broccoli/.cache/typescript/4.5/node_modules/@types/jsesc/index.d.ts'
[20:08:03.027] Adding entry into typings cache: 'json-buffer' => '/home/broccoli/.cache/typescript/4.5/node_modules/@types/json-buffer/index.d.ts'
[20:08:03.044] Adding entry into typings cache: 'json2mq' => '/home/broccoli/.cache/typescript/4.5/node_modules/@types/json2mq/index.d.ts'
[20:08:03.053] Adding entry into typings cache: 'jsonfile' => '/home/broccoli/.cache/typescript/4.5/node_modules/@types/jsonfile/index.d.ts'
[20:08:03.055] Adding entry into typings cache: 'keyv' => '/home/broccoli/.cache/typescript/4.5/node_modules/@types/keyv/index.d.ts'
[20:08:03.059] Adding entry into typings cache: 'kind-of' => '/home/broccoli/.cache/typescript/4.5/node_modules/@types/kind-of/index.d.ts'
[20:08:03.061] Adding entry into typings cache: 'language-tags' => '/home/broccoli/.cache/typescript/4.5/node_modules/@types/language-tags/index.d.ts'
[20:08:03.065] Adding entry into typings cache: 'loader-utils' => '/home/broccoli/.cache/typescript/4.5/node_modules/@types/loader-utils/index.d.ts'
[20:08:03.068] Adding entry into typings cache: 'lodash' => '/home/broccoli/.cache/typescript/4.5/node_modules/@types/lodash/index.d.ts'
[20:08:03.070] Adding entry into typings cache: 'lodash.debounce' => '/home/broccoli/.cache/typescript/4.5/node_modules/@types/lodash.debounce/index.d.ts'
[20:08:03.087] Adding entry into typings cache: 'lodash.merge' => '/home/broccoli/.cache/typescript/4.5/node_modules/@types/lodash.merge/index.d.ts'
[20:08:03.089] Adding entry into typings cache: 'lodash.mergewith' => '/home/broccoli/.cache/typescript/4.5/node_modules/@types/lodash.mergewith/index.d.ts'
[20:08:03.103] Adding entry into typings cache: 'lodash.sortby' => '/home/broccoli/.cache/typescript/4.5/node_modules/@types/lodash.sortby/index.d.ts'
[20:08:03.113] Adding entry into typings cache: 'lodash.truncate' => '/home/broccoli/.cache/typescript/4.5/node_modules/@types/lodash.truncate/index.d.ts'
[20:08:03.121] Adding entry into typings cache: 'lru-cache' => '/home/broccoli/.cache/typescript/4.5/node_modules/@types/lru-cache/index.d.ts'
[20:08:03.123] Adding entry into typings cache: 'mdurl' => '/home/broccoli/.cache/typescript/4.5/node_modules/@types/mdurl/index.d.ts'
[20:08:03.126] Adding entry into typings cache: 'media-typer' => '/home/broccoli/.cache/typescript/4.5/node_modules/@types/media-typer/index.d.ts'
[20:08:03.134] Adding entry into typings cache: 'memory-pager' => '/home/broccoli/.cache/typescript/4.5/node_modules/@types/memory-pager/index.d.ts'
[20:08:03.146] Adding entry into typings cache: 'merge-descriptors' => '/home/broccoli/.cache/typescript/4.5/node_modules/@types/merge-descriptors/index.d.ts'
[20:08:03.157] Adding entry into typings cache: 'merge-stream' => '/home/broccoli/.cache/typescript/4.5/node_modules/@types/merge-stream/index.d.ts'
[20:08:03.158] Adding entry into typings cache: 'merge2' => '/home/broccoli/.cache/typescript/4.5/node_modules/@types/merge2/index.d.ts'
[20:08:03.160] Adding entry into typings cache: 'methods' => '/home/broccoli/.cache/typescript/4.5/node_modules/@types/methods/index.d.ts'
[20:08:03.177] Adding entry into typings cache: 'micromatch' => '/home/broccoli/.cache/typescript/4.5/node_modules/@types/micromatch/index.d.ts'
[20:08:03.180] Adding entry into typings cache: 'mime' => '/home/broccoli/.cache/typescript/4.5/node_modules/@types/mime/index.d.ts'
[20:08:03.185] Adding entry into typings cache: 'mime-db' => '/home/broccoli/.cache/typescript/4.5/node_modules/@types/mime-db/index.d.ts'
[20:08:03.200] Adding entry into typings cache: 'mime-types' => '/home/broccoli/.cache/typescript/4.5/node_modules/@types/mime-types/index.d.ts'
[20:08:03.202] Adding entry into typings cache: 'minimalistic-assert' => '/home/broccoli/.cache/typescript/4.5/node_modules/@types/minimalistic-assert/index.d.ts'
[20:08:03.204] Adding entry into typings cache: 'minimatch' => '/home/broccoli/.cache/typescript/4.5/node_modules/@types/minimatch/index.d.ts'
[20:08:03.205] Adding entry into typings cache: 'minimist' => '/home/broccoli/.cache/typescript/4.5/node_modules/@types/minimist/index.d.ts'
[20:08:03.207] Adding entry into typings cache: 'module-alias' => '/home/broccoli/.cache/typescript/4.5/node_modules/@types/module-alias/index.d.ts'
[20:08:03.209] Adding entry into typings cache: 'mongoose-sequence' => '/home/broccoli/.cache/typescript/4.5/node_modules/@types/mongoose-sequence/index.d.ts'
[20:08:03.211] Adding entry into typings cache: 'ms' => '/home/broccoli/.cache/typescript/4.5/node_modules/@types/ms/index.d.ts'
[20:08:03.212] Adding entry into typings cache: 'natural-compare' => '/home/broccoli/.cache/typescript/4.5/node_modules/@types/natural-compare/index.d.ts'
[20:08:03.213] Adding entry into typings cache: 'negotiator' => '/home/broccoli/.cache/typescript/4.5/node_modules/@types/negotiator/index.d.ts'
[20:08:03.214] Adding entry into typings cache: 'netmask' => '/home/broccoli/.cache/typescript/4.5/node_modules/@types/netmask/index.d.ts'
[20:08:03.216] Adding entry into typings cache: 'node' => '/home/broccoli/.cache/typescript/4.5/node_modules/@types/node/index.d.ts'
[20:08:03.217] Adding entry into typings cache: 'node-fetch' => '/home/broccoli/.cache/typescript/4.5/node_modules/@types/node-fetch/index.d.ts'
[20:08:03.219] Adding entry into typings cache: 'nodemailer' => '/home/broccoli/.cache/typescript/4.5/node_modules/@types/nodemailer/index.d.ts'
[20:08:03.220] Adding entry into typings cache: 'nodemon' => '/home/broccoli/.cache/typescript/4.5/node_modules/@types/nodemon/index.d.ts'
[20:08:03.221] Adding entry into typings cache: 'nopt' => '/home/broccoli/.cache/typescript/4.5/node_modules/@types/nopt/index.d.ts'
[20:08:03.223] Adding entry into typings cache: 'normalize-path' => '/home/broccoli/.cache/typescript/4.5/node_modules/@types/normalize-path/index.d.ts'
[20:08:03.225] Adding entry into typings cache: 'nprogress' => '/home/broccoli/.cache/typescript/4.5/node_modules/@types/nprogress/index.d.ts'
[20:08:03.226] Adding entry into typings cache: 'oauth' => '/home/broccoli/.cache/typescript/4.5/node_modules/@types/oauth/index.d.ts'
[20:08:03.227] Adding entry into typings cache: 'object-assign' => '/home/broccoli/.cache/typescript/4.5/node_modules/@types/object-assign/index.d.ts'
[20:08:03.228] Adding entry into typings cache: 'object-hash' => '/home/broccoli/.cache/typescript/4.5/node_modules/@types/object-hash/index.d.ts'
[20:08:03.230] Adding entry into typings cache: 'object-inspect' => '/home/broccoli/.cache/typescript/4.5/node_modules/@types/object-inspect/index.d.ts'
[20:08:03.234] Adding entry into typings cache: 'object-keys' => '/home/broccoli/.cache/typescript/4.5/node_modules/@types/object-keys/index.d.ts'
[20:08:03.236] Adding entry into typings cache: 'object.fromentries' => '/home/broccoli/.cache/typescript/4.5/node_modules/@types/object.fromentries/index.d.ts'
[20:08:03.237] Adding entry into typings cache: 'on-finished' => '/home/broccoli/.cache/typescript/4.5/node_modules/@types/on-finished/index.d.ts'
[20:08:03.239] Adding entry into typings cache: 'once' => '/home/broccoli/.cache/typescript/4.5/node_modules/@types/once/index.d.ts'
[20:08:03.240] Adding entry into typings cache: 'pako' => '/home/broccoli/.cache/typescript/4.5/node_modules/@types/pako/index.d.ts'
[20:08:03.242] Adding entry into typings cache: 'parse-json' => '/home/broccoli/.cache/typescript/4.5/node_modules/@types/parse-json/index.d.ts'
[20:08:03.243] Adding entry into typings cache: 'parseurl' => '/home/broccoli/.cache/typescript/4.5/node_modules/@types/parseurl/index.d.ts'
[20:08:03.255] Adding entry into typings cache: 'path-browserify' => '/home/broccoli/.cache/typescript/4.5/node_modules/@types/path-browserify/index.d.ts'
[20:08:03.258] Adding entry into typings cache: 'path-is-absolute' => '/home/broccoli/.cache/typescript/4.5/node_modules/@types/path-is-absolute/index.d.ts'
[20:08:03.259] Adding entry into typings cache: 'path-parse' => '/home/broccoli/.cache/typescript/4.5/node_modules/@types/path-parse/index.d.ts'
[20:08:03.272] Adding entry into typings cache: 'pbkdf2' => '/home/broccoli/.cache/typescript/4.5/node_modules/@types/pbkdf2/index.d.ts'
[20:08:03.282] Adding entry into typings cache: 'picomatch' => '/home/broccoli/.cache/typescript/4.5/node_modules/@types/picomatch/index.d.ts'
[20:08:03.293] Adding entry into typings cache: 'platform' => '/home/broccoli/.cache/typescript/4.5/node_modules/@types/platform/index.d.ts'
[20:08:03.294] Adding entry into typings cache: 'prelude-ls' => '/home/broccoli/.cache/typescript/4.5/node_modules/@types/prelude-ls/index.d.ts'
[20:08:03.296] Adding entry into typings cache: 'prettier' => '/home/broccoli/.cache/typescript/4.5/node_modules/@types/prettier/index.d.ts'
[20:08:03.297] Adding entry into typings cache: 'prettier-linter-helpers' => '/home/broccoli/.cache/typescript/4.5/node_modules/@types/prettier-linter-helpers/index.d.ts'
[20:08:03.299] Adding entry into typings cache: 'progress' => '/home/broccoli/.cache/typescript/4.5/node_modules/@types/progress/index.d.ts'
[20:08:03.300] Adding entry into typings cache: 'prop-types' => '/home/broccoli/.cache/typescript/4.5/node_modules/@types/prop-types/index.d.ts'
[20:08:03.302] Adding entry into typings cache: 'proxy-addr' => '/home/broccoli/.cache/typescript/4.5/node_modules/@types/proxy-addr/index.d.ts'
[20:08:03.307] Adding entry into typings cache: 'proxy-from-env' => '/home/broccoli/.cache/typescript/4.5/node_modules/@types/proxy-from-env/index.d.ts'
[20:08:03.308] Adding entry into typings cache: 'pump' => '/home/broccoli/.cache/typescript/4.5/node_modules/@types/pump/index.d.ts'
[20:08:03.312] Adding entry into typings cache: 'punycode' => '/home/broccoli/.cache/typescript/4.5/node_modules/@types/punycode/index.d.ts'
[20:08:03.313] Adding entry into typings cache: 'q' => '/home/broccoli/.cache/typescript/4.5/node_modules/@types/q/index.d.ts'
[20:08:03.324] Adding entry into typings cache: 'qs' => '/home/broccoli/.cache/typescript/4.5/node_modules/@types/qs/index.d.ts'
[20:08:03.326] Adding entry into typings cache: 'randombytes' => '/home/broccoli/.cache/typescript/4.5/node_modules/@types/randombytes/index.d.ts'
[20:08:03.329] Adding entry into typings cache: 'range-parser' => '/home/broccoli/.cache/typescript/4.5/node_modules/@types/range-parser/index.d.ts'
[20:08:03.332] Adding entry into typings cache: 'rc' => '/home/broccoli/.cache/typescript/4.5/node_modules/@types/rc/index.d.ts'
[20:08:03.347] Adding entry into typings cache: 'react' => '/home/broccoli/.cache/typescript/4.5/node_modules/@types/react/index.d.ts'
[20:08:03.362] Adding entry into typings cache: 'react-dom' => '/home/broccoli/.cache/typescript/4.5/node_modules/@types/react-dom/index.d.ts'
[20:08:03.365] Adding entry into typings cache: 'react-is' => '/home/broccoli/.cache/typescript/4.5/node_modules/@types/react-is/index.d.ts'
[20:08:03.367] Adding entry into typings cache: 'react-slick' => '/home/broccoli/.cache/typescript/4.5/node_modules/@types/react-slick/index.d.ts'
[20:08:03.370] Adding entry into typings cache: 'readable-stream' => '/home/broccoli/.cache/typescript/4.5/node_modules/@types/readable-stream/index.d.ts'
[20:08:03.373] Adding entry into typings cache: 'regenerator-runtime' => '/home/broccoli/.cache/typescript/4.5/node_modules/@types/regenerator-runtime/index.d.ts'
[20:08:03.374] Adding entry into typings cache: 'registry-auth-token' => '/home/broccoli/.cache/typescript/4.5/node_modules/@types/registry-auth-token/index.d.ts'
[20:08:03.382] Adding entry into typings cache: 'require-directory' => '/home/broccoli/.cache/typescript/4.5/node_modules/@types/require-directory/index.d.ts'
[20:08:03.384] Adding entry into typings cache: 'require-from-string' => '/home/broccoli/.cache/typescript/4.5/node_modules/@types/require-from-string/index.d.ts'
[20:08:03.397] Adding entry into typings cache: 'resolve' => '/home/broccoli/.cache/typescript/4.5/node_modules/@types/resolve/index.d.ts'
[20:08:03.399] Adding entry into typings cache: 'responselike' => '/home/broccoli/.cache/typescript/4.5/node_modules/@types/responselike/index.d.ts'
[20:08:03.400] Adding entry into typings cache: 'rimraf' => '/home/broccoli/.cache/typescript/4.5/node_modules/@types/rimraf/index.d.ts'
[20:08:03.401] Adding entry into typings cache: 'ripemd160' => '/home/broccoli/.cache/typescript/4.5/node_modules/@types/ripemd160/index.d.ts'
[20:08:03.407] Adding entry into typings cache: 'run-parallel' => '/home/broccoli/.cache/typescript/4.5/node_modules/@types/run-parallel/index.d.ts'
[20:08:03.408] Adding entry into typings cache: 'safe-compare' => '/home/broccoli/.cache/typescript/4.5/node_modules/@types/safe-compare/index.d.ts'
[20:08:03.410] Adding entry into typings cache: 'safer-buffer' => '/home/broccoli/.cache/typescript/4.5/node_modules/@types/safer-buffer/index.d.ts'
[20:08:03.413] Adding entry into typings cache: 'saslprep' => '/home/broccoli/.cache/typescript/4.5/node_modules/@types/saslprep/index.d.ts'
[20:08:03.415] Adding entry into typings cache: 'scheduler' => '/home/broccoli/.cache/typescript/4.5/node_modules/@types/scheduler/index.d.ts'
[20:08:03.416] Adding entry into typings cache: 'semver' => '/home/broccoli/.cache/typescript/4.5/node_modules/@types/semver/index.d.ts'
[20:08:03.418] Adding entry into typings cache: 'send' => '/home/broccoli/.cache/typescript/4.5/node_modules/@types/send/index.d.ts'
[20:08:03.419] Adding entry into typings cache: 'serve-static' => '/home/broccoli/.cache/typescript/4.5/node_modules/@types/serve-static/index.d.ts'
[20:08:03.421] Adding entry into typings cache: 'setimmediate' => '/home/broccoli/.cache/typescript/4.5/node_modules/@types/setimmediate/index.d.ts'
[20:08:03.423] Adding entry into typings cache: 'sha.js' => '/home/broccoli/.cache/typescript/4.5/node_modules/@types/sha.js/index.d.ts'
[20:08:03.424] Adding entry into typings cache: 'shebang-command' => '/home/broccoli/.cache/typescript/4.5/node_modules/@types/shebang-command/index.d.ts'
[20:08:03.426] Adding entry into typings cache: 'shell-quote' => '/home/broccoli/.cache/typescript/4.5/node_modules/@types/shell-quote/index.d.ts'
[20:08:03.427] Adding entry into typings cache: 'signal-exit' => '/home/broccoli/.cache/typescript/4.5/node_modules/@types/signal-exit/index.d.ts'
[20:08:03.428] Adding entry into typings cache: 'slice-ansi' => '/home/broccoli/.cache/typescript/4.5/node_modules/@types/slice-ansi/index.d.ts'
[20:08:03.430] Adding entry into typings cache: 'slick-carousel' => '/home/broccoli/.cache/typescript/4.5/node_modules/@types/slick-carousel/index.d.ts'
[20:08:03.433] Adding entry into typings cache: 'sparse-bitfield' => '/home/broccoli/.cache/typescript/4.5/node_modules/@types/sparse-bitfield/index.d.ts'
[20:08:03.445] Adding entry into typings cache: 'sprintf' => '/home/broccoli/.cache/typescript/4.5/node_modules/@types/sprintf/index.d.ts'
[20:08:03.448] Adding entry into typings cache: 'sprintf-js' => '/home/broccoli/.cache/typescript/4.5/node_modules/@types/sprintf-js/index.d.ts'
[20:08:03.450] Adding entry into typings cache: 'statuses' => '/home/broccoli/.cache/typescript/4.5/node_modules/@types/statuses/index.d.ts'
[20:08:03.452] Adding entry into typings cache: 'string-hash' => '/home/broccoli/.cache/typescript/4.5/node_modules/@types/string-hash/index.d.ts'
[20:08:03.460] Adding entry into typings cache: 'string.prototype.matchall' => '/home/broccoli/.cache/typescript/4.5/node_modules/@types/string.prototype.matchall/index.d.ts'
[20:08:03.473] Adding entry into typings cache: 'stylis' => '/home/broccoli/.cache/typescript/4.5/node_modules/@types/stylis/index.d.ts'
[20:08:03.488] Adding entry into typings cache: 'supports-color' => '/home/broccoli/.cache/typescript/4.5/node_modules/@types/supports-color/index.d.ts'
[20:08:03.489] Adding entry into typings cache: 'tailwindcss' => '/home/broccoli/.cache/typescript/4.5/node_modules/@types/tailwindcss/index.d.ts'
[20:08:03.490] Adding entry into typings cache: 'text-table' => '/home/broccoli/.cache/typescript/4.5/node_modules/@types/text-table/index.d.ts'
[20:08:03.492] Adding entry into typings cache: 'tmp' => '/home/broccoli/.cache/typescript/4.5/node_modules/@types/tmp/index.d.ts'
[20:08:03.495] Adding entry into typings cache: 'to-regex-range' => '/home/broccoli/.cache/typescript/4.5/node_modules/@types/to-regex-range/index.d.ts'
[20:08:03.496] Adding entry into typings cache: 'touch' => '/home/broccoli/.cache/typescript/4.5/node_modules/@types/touch/index.d.ts'
[20:08:03.497] Adding entry into typings cache: 'type-check' => '/home/broccoli/.cache/typescript/4.5/node_modules/@types/type-check/index.d.ts'
[20:08:03.510] Adding entry into typings cache: 'type-is' => '/home/broccoli/.cache/typescript/4.5/node_modules/@types/type-is/index.d.ts'
[20:08:03.512] Adding entry into typings cache: 'universalify' => '/home/broccoli/.cache/typescript/4.5/node_modules/@types/universalify/index.d.ts'
[20:08:03.514] Adding entry into typings cache: 'update-notifier' => '/home/broccoli/.cache/typescript/4.5/node_modules/@types/update-notifier/index.d.ts'
[20:08:03.515] Adding entry into typings cache: 'url-parse-lax' => '/home/broccoli/.cache/typescript/4.5/node_modules/@types/url-parse-lax/index.d.ts'
[20:08:03.517] Adding entry into typings cache: 'use-subscription' => '/home/broccoli/.cache/typescript/4.5/node_modules/@types/use-subscription/index.d.ts'
[20:08:03.519] Adding entry into typings cache: 'util-deprecate' => '/home/broccoli/.cache/typescript/4.5/node_modules/@types/util-deprecate/index.d.ts'
[20:08:03.533] Adding entry into typings cache: 'utils-merge' => '/home/broccoli/.cache/typescript/4.5/node_modules/@types/utils-merge/index.d.ts'
[20:08:03.572] Adding entry into typings cache: 'uuid' => '/home/broccoli/.cache/typescript/4.5/node_modules/@types/uuid/index.d.ts'
[20:08:03.575] Adding entry into typings cache: 'validator' => '/home/broccoli/.cache/typescript/4.5/node_modules/@types/validator/index.d.ts'
[20:08:03.576] Adding entry into typings cache: 'vary' => '/home/broccoli/.cache/typescript/4.5/node_modules/@types/vary/index.d.ts'
[20:08:03.578] Adding entry into typings cache: 'void-elements' => '/home/broccoli/.cache/typescript/4.5/node_modules/@types/void-elements/index.d.ts'
[20:08:03.583] Adding entry into typings cache: 'warning' => '/home/broccoli/.cache/typescript/4.5/node_modules/@types/warning/index.d.ts'
[20:08:03.585] Adding entry into typings cache: 'watchpack' => '/home/broccoli/.cache/typescript/4.5/node_modules/@types/watchpack/index.d.ts'
[20:08:03.589] Adding entry into typings cache: 'webidl-conversions' => '/home/broccoli/.cache/typescript/4.5/node_modules/@types/webidl-conversions/index.d.ts'
[20:08:03.591] Adding entry into typings cache: 'whatwg-url' => '/home/broccoli/.cache/typescript/4.5/node_modules/@types/whatwg-url/index.d.ts'
[20:08:03.592] Adding entry into typings cache: 'which' => '/home/broccoli/.cache/typescript/4.5/node_modules/@types/which/index.d.ts'
[20:08:03.593] Adding entry into typings cache: 'wrap-ansi' => '/home/broccoli/.cache/typescript/4.5/node_modules/@types/wrap-ansi/index.d.ts'
[20:08:03.594] Adding entry into typings cache: 'write-file-atomic' => '/home/broccoli/.cache/typescript/4.5/node_modules/@types/write-file-atomic/index.d.ts'
[20:08:03.595] Adding entry into typings cache: 'xtend' => '/home/broccoli/.cache/typescript/4.5/node_modules/@types/xtend/index.d.ts'
[20:08:03.596] Adding entry into typings cache: 'yallist' => '/home/broccoli/.cache/typescript/4.5/node_modules/@types/yallist/index.d.ts'
[20:08:03.597] Adding entry into typings cache: 'yargs' => '/home/broccoli/.cache/typescript/4.5/node_modules/@types/yargs/index.d.ts'
[20:08:03.598] Adding entry into typings cache: 'yargs-parser' => '/home/broccoli/.cache/typescript/4.5/node_modules/@types/yargs-parser/index.d.ts'
[20:08:03.601] Finished processing cache location '/home/broccoli/.cache/typescript/4.5'
[20:08:03.602] Process id: 88622
[20:08:03.602] NPM location: /usr/bin/npm (explicit '--npmLocation' not  provided)
[20:08:03.602] validateDefaultNpmLocation: false
[20:08:03.603] Npm config file: /home/broccoli/.cache/typescript/4.5/package.json
[20:08:03.603] Updating types-registry npm package...
[20:08:03.604] Exec: /usr/bin/npm install --ignore-scripts types-registry@latest
[20:08:09.532]     Succeeded. stdout:
    
    up to date, audited 500 packages in 6s

11 packages are looking for funding
  run `npm fund` for details

3 high severity vulnerabilities

To address all issues (including breaking changes), run:
  npm audit fix --force

Run `npm audit` for details.

[20:08:09.545] Updated types-registry npm package
[20:08:13.149] Got install request {"projectName":"/dev/null/inferredProject1*","fileNames":["/media/broccoli/Element1/00code/nextjs/ako-portfolio/node_modules/typescript/lib/lib.es5.d.ts","/media/broccoli/Element1/00code/nextjs/ako-portfolio/node_modules/typescript/lib/lib.es2015.d.ts","/media/broccoli/Element1/00code/nextjs/ako-portfolio/node_modules/typescript/lib/lib.es2016.d.ts","/media/broccoli/Element1/00code/nextjs/ako-portfolio/node_modules/typescript/lib/lib.dom.d.ts","/media/broccoli/Element1/00code/nextjs/ako-portfolio/node_modules/typescript/lib/lib.dom.iterable.d.ts","/media/broccoli/Element1/00code/nextjs/ako-portfolio/node_modules/typescript/lib/lib.webworker.importscripts.d.ts","/media/broccoli/Element1/00code/nextjs/ako-portfolio/node_modules/typescript/lib/lib.scripthost.d.ts","/media/broccoli/Element1/00code/nextjs/ako-portfolio/node_modules/typescript/lib/lib.es2015.core.d.ts","/media/broccoli/Element1/00code/nextjs/ako-portfolio/node_modules/typescript/lib/lib.es2015.collection.d.ts","/media/broccoli/Element1/00code/nextjs/ako-portfolio/node_modules/typescript/lib/lib.es2015.generator.d.ts","/media/broccoli/Element1/00code/nextjs/ako-portfolio/node_modules/typescript/lib/lib.es2015.iterable.d.ts","/media/broccoli/Element1/00code/nextjs/ako-portfolio/node_modules/typescript/lib/lib.es2015.promise.d.ts","/media/broccoli/Element1/00code/nextjs/ako-portfolio/node_modules/typescript/lib/lib.es2015.proxy.d.ts","/media/broccoli/Element1/00code/nextjs/ako-portfolio/node_modules/typescript/lib/lib.es2015.reflect.d.ts","/media/broccoli/Element1/00code/nextjs/ako-portfolio/node_modules/typescript/lib/lib.es2015.symbol.d.ts","/media/broccoli/Element1/00code/nextjs/ako-portfolio/node_modules/typescript/lib/lib.es2015.symbol.wellknown.d.ts","/media/broccoli/Element1/00code/nextjs/ako-portfolio/node_modules/typescript/lib/lib.es2016.array.include.d.ts","/media/broccoli/Element1/00code/nextjs/ako-portfolio/node_modules/typescript/lib/lib.es2016.full.d.ts","/media/broccoli/Element1/00code/nextjs/ako-portfolio/utils/index.js","/media/broccoli/Element1/00code/nextjs/ako-portfolio/components/common.js"],"compilerOptions":{"module":1,"target":3,"jsx":1,"allowJs":true,"allowSyntheticDefaultImports":true,"allowNonTsExtensions":true,"noEmitForJsFiles":true,"maxNodeModuleJsDepth":2},"typeAcquisition":{"enable":true,"include":[],"exclude":[]},"unresolvedImports":[],"projectRootPath":"/media/broccoli/Element1/00code/nextjs/ako-portfolio/components","kind":"discover"}
[20:08:13.155] Loaded safelist from types map file '/media/broccoli/Element1/00code/nextjs/ako-portfolio/node_modules/typescript/lib/typesMap.json'
[20:08:13.156] Explicitly included types: []
[20:08:13.158] Inferred typings from unresolved imports: []
[20:08:13.159] Result: {"cachedTypingPaths":[],"newTypingNames":[],"filesToWatch":["/media/broccoli/Element1/00code/nextjs/ako-portfolio/utils/bower_components","/media/broccoli/Element1/00code/nextjs/ako-portfolio/utils/node_modules","/media/broccoli/Element1/00code/nextjs/ako-portfolio/components/bower_components","/media/broccoli/Element1/00code/nextjs/ako-portfolio/components/node_modules"]}
[20:08:13.159] Finished typings discovery: {"cachedTypingPaths":[],"newTypingNames":[],"filesToWatch":["/media/broccoli/Element1/00code/nextjs/ako-portfolio/utils/bower_components","/media/broccoli/Element1/00code/nextjs/ako-portfolio/utils/node_modules","/media/broccoli/Element1/00code/nextjs/ako-portfolio/components/bower_components","/media/broccoli/Element1/00code/nextjs/ako-portfolio/components/node_modules"]}
[20:08:13.160] DirectoryWatcher:: Added:: WatchInfo: /media/broccoli/Element1/00code/nextjs/ako-portfolio/utils/bower_components
[20:08:13.161] DirectoryWatcher:: Added:: WatchInfo: /media/broccoli/Element1/00code/nextjs/ako-portfolio/utils/bower_components 1 undefined Project: /dev/null/inferredProject1* watcher already invoked: false
[20:08:13.164] Elapsed:: 2.694571003317833ms DirectoryWatcher:: Added:: WatchInfo: /media/broccoli/Element1/00code/nextjs/ako-portfolio/utils/bower_components 1 undefined Project: /dev/null/inferredProject1* watcher already invoked: false
[20:08:13.165] DirectoryWatcher:: Added:: WatchInfo: /media/broccoli/Element1/00code/nextjs/ako-portfolio/utils/node_modules
[20:08:13.165] DirectoryWatcher:: Added:: WatchInfo: /media/broccoli/Element1/00code/nextjs/ako-portfolio/utils/node_modules 1 undefined Project: /dev/null/inferredProject1* watcher already invoked: false
[20:08:13.165] Elapsed:: 0.3396639972925186ms DirectoryWatcher:: Added:: WatchInfo: /media/broccoli/Element1/00code/nextjs/ako-portfolio/utils/node_modules 1 undefined Project: /dev/null/inferredProject1* watcher already invoked: false
[20:08:13.166] DirectoryWatcher:: Added:: WatchInfo: /media/broccoli/Element1/00code/nextjs/ako-portfolio/components/bower_components
[20:08:13.166] DirectoryWatcher:: Added:: WatchInfo: /media/broccoli/Element1/00code/nextjs/ako-portfolio/components/bower_components 1 undefined Project: /dev/null/inferredProject1* watcher already invoked: false
[20:08:13.167] Elapsed:: 0.3621070086956024ms DirectoryWatcher:: Added:: WatchInfo: /media/broccoli/Element1/00code/nextjs/ako-portfolio/components/bower_components 1 undefined Project: /dev/null/inferredProject1* watcher already invoked: false
[20:08:13.167] DirectoryWatcher:: Added:: WatchInfo: /media/broccoli/Element1/00code/nextjs/ako-portfolio/components/node_modules
[20:08:13.167] DirectoryWatcher:: Added:: WatchInfo: /media/broccoli/Element1/00code/nextjs/ako-portfolio/components/node_modules 1 undefined Project: /dev/null/inferredProject1* watcher already invoked: false
[20:08:13.168] Elapsed:: 0.41206100583076477ms DirectoryWatcher:: Added:: WatchInfo: /media/broccoli/Element1/00code/nextjs/ako-portfolio/components/node_modules 1 undefined Project: /dev/null/inferredProject1* watcher already invoked: false
[20:08:13.168] Sending response:
    {"projectName":"/dev/null/inferredProject1*","typeAcquisition":{"enable":true,"include":[],"exclude":[]},"compilerOptions":{"module":1,"target":3,"jsx":1,"allowJs":true,"allowSyntheticDefaultImports":true,"allowNonTsExtensions":true,"noEmitForJsFiles":true,"maxNodeModuleJsDepth":2},"typings":[],"unresolvedImports":[],"kind":"action::set"}
[20:08:13.169] Response has been sent.
[20:08:13.169] No new typings were requested as a result of typings discovery
[20:09:13.632] Got install request {"projectName":"/dev/null/inferredProject1*","fileNames":["/media/broccoli/Element1/00code/nextjs/ako-portfolio/node_modules/typescript/lib/lib.es5.d.ts","/media/broccoli/Element1/00code/nextjs/ako-portfolio/node_modules/typescript/lib/lib.es2015.d.ts","/media/broccoli/Element1/00code/nextjs/ako-portfolio/node_modules/typescript/lib/lib.es2016.d.ts","/media/broccoli/Element1/00code/nextjs/ako-portfolio/node_modules/typescript/lib/lib.dom.d.ts","/media/broccoli/Element1/00code/nextjs/ako-portfolio/node_modules/typescript/lib/lib.dom.iterable.d.ts","/media/broccoli/Element1/00code/nextjs/ako-portfolio/node_modules/typescript/lib/lib.webworker.importscripts.d.ts","/media/broccoli/Element1/00code/nextjs/ako-portfolio/node_modules/typescript/lib/lib.scripthost.d.ts","/media/broccoli/Element1/00code/nextjs/ako-portfolio/node_modules/typescript/lib/lib.es2015.core.d.ts","/media/broccoli/Element1/00code/nextjs/ako-portfolio/node_modules/typescript/lib/lib.es2015.collection.d.ts","/media/broccoli/Element1/00code/nextjs/ako-portfolio/node_modules/typescript/lib/lib.es2015.generator.d.ts","/media/broccoli/Element1/00code/nextjs/ako-portfolio/node_modules/typescript/lib/lib.es2015.iterable.d.ts","/media/broccoli/Element1/00code/nextjs/ako-portfolio/node_modules/typescript/lib/lib.es2015.promise.d.ts","/media/broccoli/Element1/00code/nextjs/ako-portfolio/node_modules/typescript/lib/lib.es2015.proxy.d.ts","/media/broccoli/Element1/00code/nextjs/ako-portfolio/node_modules/typescript/lib/lib.es2015.reflect.d.ts","/media/broccoli/Element1/00code/nextjs/ako-portfolio/node_modules/typescript/lib/lib.es2015.symbol.d.ts","/media/broccoli/Element1/00code/nextjs/ako-portfolio/node_modules/typescript/lib/lib.es2015.symbol.wellknown.d.ts","/media/broccoli/Element1/00code/nextjs/ako-portfolio/node_modules/typescript/lib/lib.es2016.array.include.d.ts","/media/broccoli/Element1/00code/nextjs/ako-portfolio/node_modules/typescript/lib/lib.es2016.full.d.ts","/media/broccoli/Element1/00code/nextjs/ako-portfolio/utils/index.js","/media/broccoli/Element1/00code/nextjs/ako-portfolio/components/common.js"],"compilerOptions":{"module":1,"target":3,"jsx":1,"allowJs":true,"allowSyntheticDefaultImports":true,"allowNonTsExtensions":true,"noEmitForJsFiles":true,"maxNodeModuleJsDepth":2},"typeAcquisition":{"enable":true,"include":[],"exclude":[]},"unresolvedImports":[],"projectRootPath":"/media/broccoli/Element1/00code/nextjs/ako-portfolio/components","kind":"discover"}
[20:09:13.632] Explicitly included types: []
[20:09:13.634] Inferred typings from unresolved imports: []
[20:09:13.634] Result: {"cachedTypingPaths":[],"newTypingNames":[],"filesToWatch":["/media/broccoli/Element1/00code/nextjs/ako-portfolio/utils/bower_components","/media/broccoli/Element1/00code/nextjs/ako-portfolio/utils/node_modules","/media/broccoli/Element1/00code/nextjs/ako-portfolio/components/bower_components","/media/broccoli/Element1/00code/nextjs/ako-portfolio/components/node_modules"]}
[20:09:13.634] Finished typings discovery: {"cachedTypingPaths":[],"newTypingNames":[],"filesToWatch":["/media/broccoli/Element1/00code/nextjs/ako-portfolio/utils/bower_components","/media/broccoli/Element1/00code/nextjs/ako-portfolio/utils/node_modules","/media/broccoli/Element1/00code/nextjs/ako-portfolio/components/bower_components","/media/broccoli/Element1/00code/nextjs/ako-portfolio/components/node_modules"]}
[20:09:13.635] Sending response:
    {"projectName":"/dev/null/inferredProject1*","typeAcquisition":{"enable":true,"include":[],"exclude":[]},"compilerOptions":{"module":1,"target":3,"jsx":1,"allowJs":true,"allowSyntheticDefaultImports":true,"allowNonTsExtensions":true,"noEmitForJsFiles":true,"maxNodeModuleJsDepth":2},"typings":[],"unresolvedImports":[],"kind":"action::set"}
[20:09:13.644] Response has been sent.
[20:09:13.645] No new typings were requested as a result of typings discovery
[20:10:33.929] Got install request {"projectName":"/dev/null/inferredProject1*","fileNames":["/media/broccoli/Element1/00code/nextjs/ako-portfolio/node_modules/typescript/lib/lib.es5.d.ts","/media/broccoli/Element1/00code/nextjs/ako-portfolio/node_modules/typescript/lib/lib.es2015.d.ts","/media/broccoli/Element1/00code/nextjs/ako-portfolio/node_modules/typescript/lib/lib.es2016.d.ts","/media/broccoli/Element1/00code/nextjs/ako-portfolio/node_modules/typescript/lib/lib.dom.d.ts","/media/broccoli/Element1/00code/nextjs/ako-portfolio/node_modules/typescript/lib/lib.dom.iterable.d.ts","/media/broccoli/Element1/00code/nextjs/ako-portfolio/node_modules/typescript/lib/lib.webworker.importscripts.d.ts","/media/broccoli/Element1/00code/nextjs/ako-portfolio/node_modules/typescript/lib/lib.scripthost.d.ts","/media/broccoli/Element1/00code/nextjs/ako-portfolio/node_modules/typescript/lib/lib.es2015.core.d.ts","/media/broccoli/Element1/00code/nextjs/ako-portfolio/node_modules/typescript/lib/lib.es2015.collection.d.ts","/media/broccoli/Element1/00code/nextjs/ako-portfolio/node_modules/typescript/lib/lib.es2015.generator.d.ts","/media/broccoli/Element1/00code/nextjs/ako-portfolio/node_modules/typescript/lib/lib.es2015.iterable.d.ts","/media/broccoli/Element1/00code/nextjs/ako-portfolio/node_modules/typescript/lib/lib.es2015.promise.d.ts","/media/broccoli/Element1/00code/nextjs/ako-portfolio/node_modules/typescript/lib/lib.es2015.proxy.d.ts","/media/broccoli/Element1/00code/nextjs/ako-portfolio/node_modules/typescript/lib/lib.es2015.reflect.d.ts","/media/broccoli/Element1/00code/nextjs/ako-portfolio/node_modules/typescript/lib/lib.es2015.symbol.d.ts","/media/broccoli/Element1/00code/nextjs/ako-portfolio/node_modules/typescript/lib/lib.es2015.symbol.wellknown.d.ts","/media/broccoli/Element1/00code/nextjs/ako-portfolio/node_modules/typescript/lib/lib.es2016.array.include.d.ts","/media/broccoli/Element1/00code/nextjs/ako-portfolio/node_modules/typescript/lib/lib.es2016.full.d.ts","/media/broccoli/Element1/00code/nextjs/ako-portfolio/utils/index.js","/media/broccoli/Element1/00code/nextjs/ako-portfolio/components/common.js"],"compilerOptions":{"module":1,"target":3,"jsx":1,"allowJs":true,"allowSyntheticDefaultImports":true,"allowNonTsExtensions":true,"noEmitForJsFiles":true,"maxNodeModuleJsDepth":2},"typeAcquisition":{"enable":true,"include":[],"exclude":[]},"unresolvedImports":[],"projectRootPath":"/media/broccoli/Element1/00code/nextjs/ako-portfolio/components","kind":"discover"}
[20:10:33.930] Explicitly included types: []
[20:10:33.931] Inferred typings from unresolved imports: []
[20:10:33.931] Result: {"cachedTypingPaths":[],"newTypingNames":[],"filesToWatch":["/media/broccoli/Element1/00code/nextjs/ako-portfolio/utils/bower_components","/media/broccoli/Element1/00code/nextjs/ako-portfolio/utils/node_modules","/media/broccoli/Element1/00code/nextjs/ako-portfolio/components/bower_components","/media/broccoli/Element1/00code/nextjs/ako-portfolio/components/node_modules"]}
[20:10:33.932] Finished typings discovery: {"cachedTypingPaths":[],"newTypingNames":[],"filesToWatch":["/media/broccoli/Element1/00code/nextjs/ako-portfolio/utils/bower_components","/media/broccoli/Element1/00code/nextjs/ako-portfolio/utils/node_modules","/media/broccoli/Element1/00code/nextjs/ako-portfolio/components/bower_components","/media/broccoli/Element1/00code/nextjs/ako-portfolio/components/node_modules"]}
[20:10:33.933] Sending response:
    {"projectName":"/dev/null/inferredProject1*","typeAcquisition":{"enable":true,"include":[],"exclude":[]},"compilerOptions":{"module":1,"target":3,"jsx":1,"allowJs":true,"allowSyntheticDefaultImports":true,"allowNonTsExtensions":true,"noEmitForJsFiles":true,"maxNodeModuleJsDepth":2},"typings":[],"unresolvedImports":[],"kind":"action::set"}
[20:10:33.933] Response has been sent.
[20:10:33.933] No new typings were requested as a result of typings discovery
